Start testing: Dec 13 20:29 UTC
----------------------------------------------------------
1/1 Testing: 3DAgain_test
1/1 Test: 3DAgain_test
Command: "/workspaces/3d-again/build/3DAgain_test"
Directory: /workspaces/3d-again/build
"3DAgain_test" start time: Dec 13 20:29 UTC
Output:
----------------------------------------------------------
Running main() from /home/codespace/.conan2/p/b/gtest7d5d2d88d789a/b/src/googletest/src/gtest_main.cc
[==========] Running 1 test from 1 test suite.
[----------] Global test environment set-up.
[----------] 1 test from HelloTest
[ RUN      ] HelloTest.BasicAssertions
[       OK ] HelloTest.BasicAssertions (0 ms)
[----------] 1 test from HelloTest (0 ms total)

[----------] Global test environment tear-down
[==========] 1 test from 1 test suite ran. (0 ms total)
[  PASSED  ] 1 test.
<end of output>
Test time =   0.00 sec
----------------------------------------------------------
Test Passed.
"3DAgain_test" end time: Dec 13 20:29 UTC
"3DAgain_test" time elapsed: 00:00:00
----------------------------------------------------------

End testing: Dec 13 20:29 UTC
